# JRE version: OpenJDK Runtime Environment (19.0.1+10) (build 19.0.1+10-21)
# Java VM: OpenJDK 64-Bit Server VM (19.0.1+10-21, mixed mode, sharing, tiered, compressed oops, compressed class ptrs, g1 gc, windows-amd64)
GC Precious Log:
 CardTable entry size: 512
 Card Set container configuration: InlinePtr #cards 5 size 8 Array Of Cards #cards 12 size 40 Howl #buckets 4 coarsen threshold 1843 Howl Bitmap #cards 512 size 80 coarsen threshold 460 Card regions per heap region 1 cards per card region 2048
 CPUs: 4 total, 4 available
 Memory: 3795M
 Large Page Support: Disabled
 NUMA Support: Disabled
 Compressed Oops: Enabled (32-bit)
 Heap Region Size: 1M
 Heap Min Capacity: 8M
 Heap Initial Capacity: 60M
 Heap Max Capacity: 950M
 Pre-touch: Disabled
 Parallel Workers: 4
 Concurrent Workers: 1
 Concurrent Refinement Workers: 4
 Periodic GC: Disabled
Heap:
 garbage-first heap   total 40960K, used 23187K [0x00000000c4a00000, 0x0000000100000000)
  region size 1024K, 6 young (6144K), 1 survivors (1024K)
 Metaspace       used 45023K, committed 45376K, reserved 1114112K
  class space    used 5367K, committed 5504K, reserved 1048576K
GC Heap History (20 events):
Event: 765.961 GC heap before
{Heap before GC invocations=17 (full 0):
 garbage-first heap   total 40960K, used 20771K [0x00000000c4a00000, 0x0000000100000000)
  region size 1024K, 2 young (2048K), 1 survivors (1024K)
 Metaspace       used 40417K, committed 40896K, reserved 1114112K
  class space    used 4902K, committed 5120K, reserved 1048576K
}
Event: 766.033 GC heap after
{Heap after GC invocations=18 (full 0):
 garbage-first heap   total 40960K, used 19296K [0x00000000c4a00000, 0x0000000100000000)
  region size 1024K, 1 young (1024K), 1 survivors (1024K)
 Metaspace       used 40417K, committed 40896K, reserved 1114112K
  class space    used 4902K, committed 5120K, reserved 1048576K
}
Event: 986.982 GC heap before
{Heap before GC invocations=18 (full 0):
 garbage-first heap   total 40960K, used 30560K [0x00000000c4a00000, 0x0000000100000000)
  region size 1024K, 13 young (13312K), 1 survivors (1024K)
 Metaspace       used 42752K, committed 43200K, reserved 1114112K
  class space    used 5165K, committed 5376K, reserved 1048576K
}
Event: 987.034 GC heap after
{Heap after GC invocations=19 (full 0):
 garbage-first heap   total 40960K, used 19626K [0x00000000c4a00000, 0x0000000100000000)
  region size 1024K, 1 young (1024K), 1 survivors (1024K)
 Metaspace       used 42752K, committed 43200K, reserved 1114112K
  class space    used 5165K, committed 5376K, reserved 1048576K
}
Event: 1081.014 GC heap before
{Heap before GC invocations=20 (full 0):
 garbage-first heap   total 40960K, used 31914K [0x00000000c4a00000, 0x0000000100000000)
  region size 1024K, 13 young (13312K), 1 survivors (1024K)
 Metaspace       used 44482K, committed 44800K, reserved 1114112K
  class space    used 5368K, committed 5504K, reserved 1048576K
}
Event: 1081.978 GC heap after
{Heap after GC invocations=21 (full 0):
 garbage-first heap   total 40960K, used 20431K [0x00000000c4a00000, 0x0000000100000000)
  region size 1024K, 2 young (2048K), 2 survivors (2048K)
 Metaspace       used 44482K, committed 44800K, reserved 1114112K
  class space    used 5368K, committed 5504K, reserved 1048576K
}
Event: 1130.344 GC heap before
{Heap before GC invocations=21 (full 0):
 garbage-first heap   total 40960K, used 21455K [0x00000000c4a00000, 0x0000000100000000)
  region size 1024K, 3 young (3072K), 2 survivors (2048K)
 Metaspace       used 44488K, committed 44800K, reserved 1114112K
  class space    used 5368K, committed 5504K, reserved 1048576K
}
Event: 1130.448 GC heap after
{Heap after GC invocations=22 (full 0):
 garbage-first heap   total 40960K, used 20123K [0x00000000c4a00000, 0x0000000100000000)
  region size 1024K, 1 young (1024K), 1 survivors (1024K)
 Metaspace       used 44488K, committed 44800K, reserved 1114112K
  class space    used 5368K, committed 5504K, reserved 1048576K
}
Event: 1171.787 GC heap before
{Heap before GC invocations=22 (full 0):
 garbage-first heap   total 40960K, used 21147K [0x00000000c4a00000, 0x0000000100000000)
  region size 1024K, 2 young (2048K), 1 survivors (1024K)
 Metaspace       used 44493K, committed 44800K, reserved 1114112K
  class space    used 5368K, committed 5504K, reserved 1048576K
}
Event: 1171.968 GC heap after
{Heap after GC invocations=23 (full 0):
 garbage-first heap   total 40960K, used 19654K [0x00000000c4a00000, 0x0000000100000000)
  region size 1024K, 1 young (1024K), 1 survivors (1024K)
 Metaspace       used 44493K, committed 44800K, reserved 1114112K
  class space    used 5368K, committed 5504K, reserved 1048576K
}
Event: 1212.395 GC heap before
{Heap before GC invocations=23 (full 0):
 garbage-first heap   total 40960K, used 20678K [0x00000000c4a00000, 0x0000000100000000)
  region size 1024K, 2 young (2048K), 1 survivors (1024K)
 Metaspace       used 44518K, committed 44864K, reserved 1114112K
  class space    used 5368K, committed 5504K, reserved 1048576K
}
Event: 1212.434 GC heap after
{Heap after GC invocations=24 (full 0):
 garbage-first heap   total 40960K, used 19280K [0x00000000c4a00000, 0x0000000100000000)
  region size 1024K, 1 young (1024K), 1 survivors (1024K)
 Metaspace       used 44518K, committed 44864K, reserved 1114112K
  class space    used 5368K, committed 5504K, reserved 1048576K
}
Event: 1730.007 GC heap before
{Heap before GC invocations=24 (full 0):
 garbage-first heap   total 40960K, used 32592K [0x00000000c4a00000, 0x0000000100000000)
  region size 1024K, 14 young (14336K), 1 survivors (1024K)
 Metaspace       used 44631K, committed 44928K, reserved 1114112K
  class space    used 5371K, committed 5504K, reserved 1048576K
}
Event: 1730.395 GC heap after
{Heap after GC invocations=25 (full 0):
 garbage-first heap   total 40960K, used 19349K [0x00000000c4a00000, 0x0000000100000000)
  region size 1024K, 1 young (1024K), 1 survivors (1024K)
 Metaspace       used 44631K, committed 44928K, reserved 1114112K
  class space    used 5371K, committed 5504K, reserved 1048576K
}
Event: 2188.428 GC heap before
{Heap before GC invocations=26 (full 0):
 garbage-first heap   total 40960K, used 29589K [0x00000000c4a00000, 0x0000000100000000)
  region size 1024K, 11 young (11264K), 1 survivors (1024K)
 Metaspace       used 44699K, committed 45056K, reserved 1114112K
  class space    used 5369K, committed 5504K, reserved 1048576K
}
Event: 2188.534 GC heap after
{Heap after GC invocations=27 (full 0):
 garbage-first heap   total 40960K, used 19396K [0x00000000c4a00000, 0x0000000100000000)
  region size 1024K, 1 young (1024K), 1 survivors (1024K)
 Metaspace       used 44699K, committed 45056K, reserved 1114112K
  class space    used 5369K, committed 5504K, reserved 1048576K
}
Event: 2237.677 GC heap before
{Heap before GC invocations=27 (full 0):
 garbage-first heap   total 40960K, used 20420K [0x00000000c4a00000, 0x0000000100000000)
  region size 1024K, 2 young (2048K), 1 survivors (1024K)
 Metaspace       used 44699K, committed 45056K, reserved 1114112K
  class space    used 5369K, committed 5504K, reserved 1048576K
}
Event: 2239.338 GC heap after
{Heap after GC invocations=28 (full 0):
 garbage-first heap   total 40960K, used 19009K [0x00000000c4a00000, 0x0000000100000000)
  region size 1024K, 1 young (1024K), 1 survivors (1024K)
 Metaspace       used 44699K, committed 45056K, reserved 1114112K
  class space    used 5369K, committed 5504K, reserved 1048576K
}
Event: 2610.248 GC heap before
{Heap before GC invocations=28 (full 0):
 garbage-first heap   total 40960K, used 31297K [0x00000000c4a00000, 0x0000000100000000)
  region size 1024K, 13 young (13312K), 1 survivors (1024K)
 Metaspace       used 44975K, committed 45248K, reserved 1114112K
  class space    used 5370K, committed 5504K, reserved 1048576K
}
Event: 2610.433 GC heap after
{Heap after GC invocations=29 (full 0):
 garbage-first heap   total 40960K, used 19091K [0x00000000c4a00000, 0x0000000100000000)
  region size 1024K, 1 young (1024K), 1 survivors (1024K)
 Metaspace       used 44975K, committed 45248K, reserved 1114112K
  class space    used 5370K, committed 5504K, reserved 1048576K
}

